<?xml version="1.0" encoding="UTF-8"?>
<!-- Generated by org.testng.reporters.JUnitReportReporter -->
<testsuite hostname="RWAMW37701" failures="0" tests="1" name="com.selenium.TestNGinheritance2" time="0.000" errors="0" timestamp="22 maj 2018 09:16:16 GMT" skipped="1">
  <testcase classname="com.selenium.TestNGinheritance2" name="methodClassThatExtends2" time="0.000">
    <skipped/>
  </testcase> <!-- methodClassThatExtends2 -->
</testsuite> <!-- com.selenium.TestNGinheritance2 -->
