<?xml version="1.0" encoding="UTF-8"?>
<!-- Generated by org.testng.reporters.JUnitReportReporter -->
<testsuite hostname="RWAMW37701" failures="0" tests="4" name="com.selenium.TestNGinheritance" time="2.423" errors="0" timestamp="22 maj 2018 12:41:24 GMT" skipped="0">
  <testcase classname="com.selenium.TestNGinheritance" name="usesDataProvider" time="0.000"/>
  <testcase classname="com.selenium.TestNGinheritance" name="usesDataProvider" time="0.000"/>
  <testcase classname="com.selenium.TestNGinheritance" name="methodClassThatExtends" time="2.423"/>
  <testcase classname="com.selenium.TestNGinheritance" name="usesDataProvider" time="0.000"/>
</testsuite> <!-- com.selenium.TestNGinheritance -->
